<?xml version="1.0" encoding="UTF-8"?>
<testsuite name="com.liftoff.ecommerce.ApiattemptApplicationTests" tests="1" skipped="0" failures="0" errors="0" timestamp="2023-05-03T22:02:07" hostname="Geoffreys-Air.attlocal.net" time="1.18">
  <properties/>
  <testcase name="shoppingCart()" classname="com.liftoff.ecommerce.ApiattemptApplicationTests" time="1.18"/>
  <system-out><![CDATA[17:01:59.169 [Test worker] DEBUG org.springframework.boot.test.context.SpringBootTestContextBootstrapper -- Neither @ContextConfiguration nor @ContextHierarchy found for test class [ApiattemptApplicationTests]: using SpringBootContextLoader
17:01:59.184 [Test worker] DEBUG org.springframework.test.context.support.AbstractContextLoader -- Could not detect default resource locations for test class [com.liftoff.ecommerce.ApiattemptApplicationTests]: no resource found for suffixes {-context.xml, Context.groovy}.
17:01:59.186 [Test worker] INFO org.springframework.test.context.support.AnnotationConfigContextLoaderUtils -- Could not detect default configuration classes for test class [com.liftoff.ecommerce.ApiattemptApplicationTests]: ApiattemptApplicationTests does not declare any static, non-private, non-final, nested classes annotated with @Configuration.
17:01:59.224 [Test worker] DEBUG org.springframework.boot.test.context.SpringBootTestContextBootstrapper -- Using ContextCustomizers for test class [ApiattemptApplicationTests]: [DisableObservabilityContextCustomizer, PropertyMappingContextCustomizer, Customizer, ExcludeFilterContextCustomizer, DuplicateJsonObjectContextCustomizer, MockitoContextCustomizer, TestRestTemplateContextCustomizer]
17:01:59.361 [Test worker] DEBUG org.springframework.context.annotation.ClassPathScanningCandidateComponentProvider -- Identified candidate component class: file [/Users/geoffreymeier/Projects/Liftoff-Team-Tjovi/build/classes/java/main/com/liftoff/ecommerce/ECommerceApp.class]
17:01:59.365 [Test worker] INFO org.springframework.boot.test.context.SpringBootTestContextBootstrapper -- Found @SpringBootConfiguration com.liftoff.ecommerce.ECommerceApp for test class com.liftoff.ecommerce.ApiattemptApplicationTests
17:01:59.544 [Test worker] DEBUG org.springframework.boot.test.context.SpringBootTestContextBootstrapper -- Using TestExecutionListeners for test class [ApiattemptApplicationTests]: [ServletTestExecutionListener, DirtiesContextBeforeModesTestExecutionListener, ApplicationEventsTestExecutionListener, MockitoTestExecutionListener, DependencyInjectionTestExecutionListener, DirtiesContextTestExecutionListener, TransactionalTestExecutionListener, SqlScriptsTestExecutionListener, EventPublishingTestExecutionListener, RestDocsTestExecutionListener, MockRestServiceServerResetTestExecutionListener, MockMvcPrintOnlyOnFailureTestExecutionListener, WebDriverTestExecutionListener, MockWebServiceServerTestExecutionListener, ResetMocksTestExecutionListener]
17:01:59.548 [Test worker] DEBUG org.springframework.test.context.support.AbstractDirtiesContextTestExecutionListener -- Before test class: class [ApiattemptApplicationTests], class annotated with @DirtiesContext [false] with mode [null]

  .   ____          _            __ _ _
 /\\ / ___'_ __ _ _(_)_ __  __ _ \ \ \ \
( ( )\___ | '_ | '_| | '_ \/ _` | \ \ \ \
 \\/  ___)| |_)| | | | | || (_| |  ) ) ) )
  '  |____| .__|_| |_|_| |_\__, | / / / /
 =========|_|==============|___/=/_/_/_/
 :: Spring Boot ::                (v3.0.5)

2023-05-03T17:02:00.023-05:00  WARN 1459 --- [    Test worker] ory$DuplicateJsonObjectContextCustomizer : 

Found multiple occurrences of org.json.JSONObject on the class path:

	jar:file:/Users/geoffreymeier/.gradle/caches/modules-2/files-2.1/org.json/json/20090211/c183aa3a2a6250293808bba12262c8920ce5a51c/json-20090211.jar!/org/json/JSONObject.class
	jar:file:/Users/geoffreymeier/.gradle/caches/modules-2/files-2.1/com.vaadin.external.google/android-json/0.0.20131108.vaadin1/fa26d351fe62a6a17f5cda1287c1c6110dec413f/android-json-0.0.20131108.vaadin1.jar!/org/json/JSONObject.class

You may wish to exclude one of them to ensure predictable runtime behavior

2023-05-03T17:02:00.051-05:00  INFO 1459 --- [    Test worker] c.l.e.ApiattemptApplicationTests         : Starting ApiattemptApplicationTests using Java 17.0.6 with PID 1459 (started by geoffreymeier in /Users/geoffreymeier/Projects/Liftoff-Team-Tjovi)
2023-05-03T17:02:00.053-05:00  INFO 1459 --- [    Test worker] c.l.e.ApiattemptApplicationTests         : No active profile set, falling back to 1 default profile: "default"
2023-05-03T17:02:01.310-05:00  INFO 1459 --- [    Test worker] .s.d.r.c.RepositoryConfigurationDelegate : Bootstrapping Spring Data JPA repositories in DEFAULT mode.
2023-05-03T17:02:01.411-05:00  INFO 1459 --- [    Test worker] .s.d.r.c.RepositoryConfigurationDelegate : Finished Spring Data repository scanning in 89 ms. Found 3 JPA repository interfaces.
2023-05-03T17:02:02.340-05:00  INFO 1459 --- [    Test worker] o.hibernate.jpa.internal.util.LogHelper  : HHH000204: Processing PersistenceUnitInfo [name: default]
2023-05-03T17:02:02.426-05:00  INFO 1459 --- [    Test worker] org.hibernate.Version                    : HHH000412: Hibernate ORM core version 6.1.7.Final
2023-05-03T17:02:02.944-05:00  INFO 1459 --- [    Test worker] com.zaxxer.hikari.HikariDataSource       : HikariPool-1 - Starting...
2023-05-03T17:02:03.806-05:00  INFO 1459 --- [    Test worker] com.zaxxer.hikari.pool.HikariPool        : HikariPool-1 - Added connection com.mysql.cj.jdbc.ConnectionImpl@7114e780
2023-05-03T17:02:03.811-05:00  INFO 1459 --- [    Test worker] com.zaxxer.hikari.HikariDataSource       : HikariPool-1 - Start completed.
2023-05-03T17:02:03.850-05:00  INFO 1459 --- [    Test worker] SQL dialect                              : HHH000400: Using dialect: org.hibernate.dialect.MySQL8Dialect
2023-05-03T17:02:03.855-05:00  WARN 1459 --- [    Test worker] org.hibernate.orm.deprecation            : HHH90000026: MySQL8Dialect has been deprecated; use org.hibernate.dialect.MySQLDialect instead
2023-05-03T17:02:05.586-05:00  INFO 1459 --- [    Test worker] o.h.e.t.j.p.i.JtaPlatformInitiator       : HHH000490: Using JtaPlatform implementation: [org.hibernate.engine.transaction.jta.platform.internal.NoJtaPlatform]
2023-05-03T17:02:05.599-05:00  INFO 1459 --- [    Test worker] j.LocalContainerEntityManagerFactoryBean : Initialized JPA EntityManagerFactory for persistence unit 'default'
2023-05-03T17:02:06.505-05:00  WARN 1459 --- [    Test worker] JpaBaseConfiguration$JpaWebConfiguration : spring.jpa.open-in-view is enabled by default. Therefore, database queries may be performed during view rendering. Explicitly configure spring.jpa.open-in-view to disable this warning
2023-05-03T17:02:07.328-05:00  INFO 1459 --- [    Test worker] c.l.e.ApiattemptApplicationTests         : Started ApiattemptApplicationTests in 7.691 seconds (process running for 9.589)
]]></system-out>
  <system-err><![CDATA[]]></system-err>
</testsuite>
